  main.cpp
c:\users\masha\source\repos\sfml\sfml\main.cpp(53): warning C4244: инициализация: преобразование "sf::Int64" в "float", возможна потеря данных
c:\users\masha\source\repos\sfml\sfml\main.cpp(67): warning C4244: +=: преобразование "double" в "float", возможна потеря данных
c:\users\masha\source\repos\sfml\sfml\main.cpp(70): warning C4244: аргумент: преобразование "double" в "float", возможна потеря данных
c:\users\masha\source\repos\sfml\sfml\main.cpp(76): warning C4244: +=: преобразование "double" в "float", возможна потеря данных
c:\users\masha\source\repos\sfml\sfml\main.cpp(79): warning C4244: аргумент: преобразование "double" в "float", возможна потеря данных
c:\users\masha\source\repos\sfml\sfml\main.cpp(85): warning C4244: +=: преобразование "double" в "float", возможна потеря данных
c:\users\masha\source\repos\sfml\sfml\main.cpp(88): warning C4244: аргумент: преобразование "double" в "float", возможна потеря данных
c:\users\masha\source\repos\sfml\sfml\main.cpp(93): warning C4244: +=: преобразование "double" в "float", возможна потеря данных
c:\users\masha\source\repos\sfml\sfml\main.cpp(96): warning C4244: аргумент: преобразование "double" в "float", возможна потеря данных
c:\users\masha\source\repos\sfml\sfml\main.cpp(103): warning C4244: +=: преобразование "double" в "float", возможна потеря данных
c:\users\masha\source\repos\sfml\sfml\main.cpp(106): warning C4244: аргумент: преобразование "double" в "float", возможна потеря данных
c:\users\masha\source\repos\sfml\sfml\main.cpp(112): warning C4244: +=: преобразование "double" в "float", возможна потеря данных
c:\users\masha\source\repos\sfml\sfml\main.cpp(115): warning C4244: аргумент: преобразование "double" в "float", возможна потеря данных
c:\users\masha\source\repos\sfml\sfml\main.cpp(121): warning C4244: +=: преобразование "double" в "float", возможна потеря данных
c:\users\masha\source\repos\sfml\sfml\main.cpp(124): warning C4244: аргумент: преобразование "double" в "float", возможна потеря данных
c:\users\masha\source\repos\sfml\sfml\main.cpp(129): warning C4244: +=: преобразование "double" в "float", возможна потеря данных
c:\users\masha\source\repos\sfml\sfml\main.cpp(132): warning C4244: аргумент: преобразование "double" в "float", возможна потеря данных
c:\users\masha\source\repos\sfml\sfml\main.cpp(149): warning C4244: аргумент: преобразование "int" в "float", возможна потеря данных
  sfml.vcxproj -> C:\Users\Masha\source\repos\sfml\Debug\sfml.exe
